<?xml version="1.0" encoding="UTF-8"?>
<!-- Generated by org.testng.reporters.JUnitReportReporter -->
<testsuite hostname="DESKTOP-EUH2O3V" failures="0" tests="2" name="tests.HomePageTest" time="9.680" errors="0" timestamp="2024-01-08T19:43:02 IST" skipped="0">
  <testcase classname="tests.HomePageTest" name="clickOnRegisterPage" time="5.057"/>
  <system-out/>
  <testcase classname="tests.HomePageTest" name="clickOnLogin" time="4.623"/>
  <system-out/>
</testsuite> <!-- tests.HomePageTest -->
