<?xml version="1.0" encoding="UTF-8"?>
<!-- Generated by org.testng.reporters.JUnitReportReporter -->
<testsuite hostname="DESKTOP-EUH2O3V" failures="0" tests="2" name="tests.LoginPageTest" time="13.059" errors="0" timestamp="2024-01-10T15:21:57 IST" skipped="0">
  <testcase classname="tests.LoginPageTest" name="LoginUser" time="6.024"/>
  <system-out/>
  <testcase classname="tests.LoginPageTest" name="LoginUser" time="7.035"/>
  <system-out/>
</testsuite> <!-- tests.LoginPageTest -->
